<?xml version="1.0" encoding="UTF-8"?>
<!-- Generated by org.testng.reporters.JUnitReportReporter -->
<testsuite skipped="0" hostname="DESKTOP-I9CQF9A" name="org.com.test2" tests="3" failures="0" timestamp="09 Apr 2021 06:39:09 GMT" time="0.016" errors="0">
  <testcase name="tc1" time="0.016" classname="org.com.test2"/>
  <testcase name="tc2" time="0.000" classname="org.com.test2"/>
  <testcase name="tc3" time="0.000" classname="org.com.test2"/>
</testsuite> <!-- org.com.test2 -->
